Arguments: 
  /Users/lisijing/.nvm/versions/node/v14.17.3/bin/node /Users/lisijing/.nvm/versions/node/v14.17.3/bin/yarn init iy

PATH: 
  /Users/lisijing/.nvm/versions/node/v14.17.3/bin:/usr/local/bin:/usr/bin:/bin:/usr/sbin:/sbin:/usr/local/go/bin:/Users/lisijing/.nvm/versions/node/v14.17.3/bin:/usr/local/go/bin

Yarn version: 
  1.22.17

Node version: 
  14.17.3

Platform: 
  darwin x64

Trace: 
  Error: canceled
      at Interface.<anonymous> (/Users/lisijing/.nvm/versions/node/v14.17.3/lib/node_modules/yarn/lib/cli.js:137143:13)
      at Interface.emit (events.js:375:28)
      at Interface._ttyWrite (readline.js:910:16)
      at ReadStream.onkeypress (readline.js:235:10)
      at ReadStream.emit (events.js:375:28)
      at emitKeys (internal/readline/utils.js:358:14)
      at emitKeys.next (<anonymous>)
      at ReadStream.onData (readline.js:1179:36)
      at ReadStream.emit (events.js:375:28)
      at addChunk (internal/streams/readable.js:290:12)

npm manifest: 
  No manifest

yarn manifest: 
  No manifest

Lockfile: 
  No lockfile
